{
  "RSpec": {
    "coverage": {
      "/home/ashahid3/carestack/app/graphql/concerns/authorize.rb": {
        "lines": [
          null,
          null,
          1,
          1,
          null,
          1,
          1,
          4,
          null,
          null,
          null,
          1,
          1,
          6,
          null,
          null,
          null,
          1,
          null,
          1,
          145,
          null,
          null,
          1,
          40,
          null,
          null,
          1,
          35,
          32,
          null,
          32,
          5,
          null,
          null,
          27,
          null,
          null,
          1,
          34,
          null,
          null,
          34,
          null,
          null,
          31,
          null,
          null,
          1,
          3,
          null,
          3,
          1,
          null,
          null,
          null
        ]
      },
      "/home/ashahid3/carestack/app/graphql/mutations/create_appointment.rb": {
        "lines": [
          null,
          null,
          1,
          1,
          1,
          null,
          null,
          1,
          1,
          1,
          1,
          1,
          1,
          null,
          null,
          1,
          1,
          null,
          1,
          13,
          13,
          null,
          null,
          null,
          13,
          10,
          10,
          10,
          null,
          null,
          10,
          null,
          10,
          null,
          5,
          null,
          null,
          null,
          null,
          null,
          5,
          null,
          null,
          null,
          null,
          null,
          null,
          null,
          null,
          null,
          null,
          null,
          5,
          null,
          null,
          null,
          3,
          3,
          null,
          null,
          0,
          null,
          null,
          null,
          null,
          0,
          null,
          null,
          null,
          null,
          0,
          null,
          null,
          null,
          null,
          null,
          1,
          null,
          1,
          10,
          null,
          null,
          10,
          1,
          null,
          null,
          null,
          10,
          1,
          null,
          null,
          null,
          10,
          null,
          7,
          null,
          3,
          null,
          null,
          10,
          null,
          null,
          1,
          7,
          null,
          null,
          7,
          1,
          null,
          null,
          7,
          null,
          null,
          1,
          3,
          null,
          null,
          3,
          1,
          null,
          null,
          null,
          3,
          1,
          null,
          null,
          3,
          null,
          null,
          null
        ]
      },
      "/home/ashahid3/carestack/app/graphql/mutations/base_mutation.rb": {
        "lines": [
          null,
          null,
          1,
          1,
          1,
          null,
          1,
          1,
          1,
          null,
          null
        ]
      },
      "/home/ashahid3/carestack/app/graphql/types/base_argument.rb": {
        "lines": [
          null,
          null,
          1,
          1,
          null,
          null
        ]
      },
      "/home/ashahid3/carestack/app/graphql/types/base_field.rb": {
        "lines": [
          null,
          null,
          1,
          1,
          1,
          null,
          null
        ]
      },
      "/home/ashahid3/carestack/app/graphql/types/base_object.rb": {
        "lines": [
          null,
          null,
          1,
          1,
          1,
          1,
          1,
          null,
          null
        ]
      },
      "/home/ashahid3/carestack/app/graphql/types/base_edge.rb": {
        "lines": [
          null,
          null,
          1,
          1,
          null,
          1,
          null,
          null
        ]
      },
      "/home/ashahid3/carestack/app/graphql/types/base_connection.rb": {
        "lines": [
          null,
          null,
          1,
          1,
          null,
          1,
          null,
          null
        ]
      },
      "/home/ashahid3/carestack/app/graphql/types/appointment_type.rb": {
        "lines": [
          null,
          null,
          1,
          1,
          1,
          1,
          1,
          1,
          1,
          1,
          1,
          null,
          null,
          1,
          1,
          1,
          1,
          null,
          null,
          1,
          1,
          1,
          1,
          1,
          null,
          null,
          null,
          1,
          1,
          null,
          1,
          0,
          0,
          0,
          null,
          0,
          null,
          null,
          null,
          1,
          0,
          null,
          null,
          1,
          0,
          null,
          null,
          1,
          0,
          null,
          null,
          1,
          0,
          null,
          null,
          1,
          0,
          null,
          null,
          null
        ]
      },
      "/home/ashahid3/carestack/app/graphql/types/account_type.rb": {
        "lines": [
          null,
          null,
          1,
          1,
          1,
          1,
          1,
          1,
          1,
          1,
          null,
          null,
          1,
          1,
          1,
          null,
          null,
          1,
          1,
          1,
          null,
          null,
          1,
          1,
          1,
          null,
          1,
          0,
          null,
          null,
          1,
          0,
          null,
          null,
          1,
          0,
          null,
          null,
          null
        ]
      },
      "/home/ashahid3/carestack/app/graphql/types/vertical_type.rb": {
        "lines": [
          null,
          null,
          1,
          1,
          1,
          1,
          1,
          1,
          1,
          1,
          1,
          1,
          null,
          null,
          1,
          1,
          null,
          null,
          1,
          1,
          1,
          1,
          null,
          null,
          1,
          1,
          null,
          1,
          0,
          null,
          null,
          1,
          0,
          null,
          null,
          1,
          0,
          null,
          null,
          1,
          0,
          null,
          null,
          1,
          0,
          null,
          null,
          1,
          0,
          null,
          null,
          null
        ]
      },
      "/home/ashahid3/carestack/app/graphql/types/service_type.rb": {
        "lines": [
          null,
          null,
          1,
          1,
          1,
          1,
          1,
          1,
          1,
          1,
          1,
          null,
          null,
          1,
          null,
          null,
          1,
          1,
          1,
          1,
          null,
          1,
          1,
          null,
          null,
          1,
          0,
          null,
          null,
          null
        ]
      },
      "/home/ashahid3/carestack/app/graphql/types/customer_type.rb": {
        "lines": [
          null,
          null,
          1,
          1,
          1,
          1,
          1,
          1,
          1,
          1,
          1,
          1,
          null,
          null,
          1,
          null,
          null,
          1,
          null,
          1,
          0,
          null,
          null,
          null
        ]
      },
      "/home/ashahid3/carestack/app/graphql/types/staff_type.rb": {
        "lines": [
          null,
          null,
          1,
          1,
          1,
          1,
          1,
          1,
          1,
          1,
          1,
          1,
          null,
          null,
          1,
          null,
          null,
          1,
          1,
          null,
          1,
          0,
          null,
          null,
          1,
          0,
          null,
          null,
          null
        ]
      },
      "/home/ashahid3/carestack/app/graphql/mutations/optimize_routes.rb": {
        "lines": [
          null,
          null,
          1,
          1,
          1,
          null,
          1,
          1,
          1,
          1,
          1,
          1,
          null,
          null,
          1,
          1,
          1,
          1,
          null,
          1,
          null,
          null,
          18,
          null,
          null,
          15,
          null,
          null,
          null,
          null,
          null,
          15,
          null,
          1,
          null,
          null,
          null,
          null,
          null,
          null,
          null,
          14,
          14,
          null,
          1,
          null,
          null,
          null,
          null,
          null,
          null,
          null,
          13,
          null,
          null,
          null,
          13,
          1,
          null,
          null,
          13,
          null,
          1,
          null,
          null,
          null,
          null,
          null,
          null,
          null,
          12,
          0,
          null,
          null,
          null,
          12,
          null,
          null,
          null,
          null,
          null,
          null,
          12,
          null,
          12,
          null,
          12,
          null,
          null,
          null,
          null,
          null,
          null,
          0,
          null,
          null,
          null,
          null,
          null,
          null,
          3,
          3,
          null,
          null,
          0,
          null,
          null,
          null,
          null,
          null,
          0,
          0,
          null,
          null,
          0,
          null,
          null,
          null,
          null,
          null,
          null,
          null,
          1,
          null,
          1,
          1,
          null,
          1,
          null,
          null,
          null,
          null,
          null,
          null,
          null,
          null,
          1,
          12,
          null,
          12,
          null,
          null,
          null,
          null,
          null,
          null,
          null,
          null,
          1,
          null,
          0,
          null,
          null,
          null,
          null,
          null,
          null,
          null,
          null,
          null,
          null,
          0,
          null,
          null,
          0,
          null,
          null,
          null,
          null,
          null,
          null,
          null
        ]
      },
      "/home/ashahid3/carestack/app/graphql/types/optimization_job_type.rb": {
        "lines": [
          null,
          null,
          1,
          1,
          1,
          1,
          1,
          1,
          1,
          1,
          1,
          1,
          null,
          null,
          1,
          null,
          null,
          1,
          1,
          1,
          1,
          1,
          1,
          1,
          null,
          1,
          0,
          null,
          null,
          1,
          0,
          null,
          null,
          1,
          0,
          null,
          null,
          1,
          0,
          null,
          null,
          1,
          0,
          null,
          null,
          1,
          0,
          null,
          null,
          null
        ]
      },
      "/home/ashahid3/carestack/app/graphql/types/route_type.rb": {
        "lines": [
          null,
          null,
          1,
          1,
          1,
          1,
          1,
          1,
          1,
          1,
          null,
          null,
          1,
          1,
          1,
          null,
          null,
          1,
          1,
          1,
          1,
          null,
          1,
          null,
          1,
          0,
          null,
          null,
          null
        ]
      },
      "/home/ashahid3/carestack/app/graphql/types/route_stop_type.rb": {
        "lines": [
          null,
          null,
          1,
          1,
          1,
          1,
          1,
          1,
          1,
          1,
          null,
          null,
          1,
          1,
          null,
          null,
          1,
          1,
          1,
          1,
          1,
          null,
          1,
          0,
          null,
          null,
          1,
          0,
          0,
          null,
          null,
          1,
          0,
          null,
          null,
          1,
          0,
          null,
          null,
          null
        ]
      },
      "/home/ashahid3/carestack/app/graphql/types/optimization_savings_type.rb": {
        "lines": [
          null,
          null,
          1,
          1,
          1,
          1,
          1,
          1,
          1,
          null,
          null
        ]
      },
      "/home/ashahid3/carestack/app/graphql/mutations/sign_in.rb": {
        "lines": [
          null,
          null,
          1,
          1,
          1,
          null,
          1,
          1,
          null,
          1,
          1,
          null,
          1,
          7,
          null,
          7,
          null,
          1,
          null,
          null,
          null,
          null,
          6,
          null,
          2,
          null,
          null,
          null,
          null,
          null,
          4,
          null,
          null,
          null,
          null,
          null,
          null,
          null,
          4,
          null,
          null,
          4,
          null,
          null,
          null,
          null,
          null,
          null,
          null,
          null
        ]
      },
      "/home/ashahid3/carestack/app/graphql/types/auth_payload_type.rb": {
        "lines": [
          null,
          null,
          1,
          1,
          1,
          null,
          1,
          1,
          null,
          null
        ]
      },
      "/home/ashahid3/carestack/app/graphql/types/user_type.rb": {
        "lines": [
          null,
          null,
          1,
          1,
          1,
          null,
          1,
          1,
          1,
          1,
          1,
          1,
          1,
          1,
          1,
          1,
          1,
          1,
          null,
          null
        ]
      },
      "/home/ashahid3/carestack/app/graphql/mutations/sign_up.rb": {
        "lines": [
          null,
          null,
          1,
          1,
          1,
          null,
          1,
          1,
          1,
          1,
          1,
          1,
          null,
          1,
          1,
          null,
          1,
          null,
          10,
          null,
          1,
          null,
          null,
          null,
          null,
          null,
          9,
          9,
          2,
          2,
          null,
          1,
          null,
          null,
          null,
          null,
          null,
          null,
          8,
          null,
          null,
          null,
          null,
          null,
          null,
          null,
          null,
          null,
          8,
          null,
          5,
          null,
          null,
          null,
          null,
          null,
          5,
          null,
          null,
          5,
          null,
          null,
          null,
          null,
          null,
          null,
          null,
          3,
          null,
          null,
          null,
          null,
          null,
          null
        ]
      },
      "/home/ashahid3/carestack/app/jobs/route_optimization_job.rb": {
        "lines": [
          null,
          null,
          1,
          1,
          null,
          null,
          1,
          null,
          null,
          1,
          null,
          1,
          10,
          null,
          null,
          10,
          null,
          null,
          null,
          8,
          null,
          null,
          null,
          null,
          null,
          null,
          null,
          8,
          null,
          7,
          null,
          6,
          6,
          null,
          1,
          null,
          null,
          null,
          null,
          1,
          null,
          null,
          1,
          1,
          null,
          null,
          null,
          null,
          1,
          1,
          null,
          null,
          null
        ]
      },
      "/home/ashahid3/carestack/app/jobs/application_job.rb": {
        "lines": [
          1,
          null,
          null,
          null,
          null,
          null,
          null
        ]
      },
      "/home/ashahid3/carestack/app/models/account.rb": {
        "lines": [
          1,
          null,
          1,
          1,
          1,
          1,
          1,
          null,
          null,
          1,
          1,
          1,
          null,
          null,
          1,
          1,
          1,
          1,
          1,
          null,
          null,
          4,
          2,
          2,
          null,
          null,
          1,
          1,
          null,
          null,
          1,
          2,
          null,
          null,
          1,
          2,
          null,
          null,
          1,
          5,
          null,
          null,
          1,
          1,
          null,
          null,
          null,
          null,
          null,
          null,
          1,
          6,
          null,
          5,
          4,
          null,
          null,
          4,
          3,
          null,
          null,
          1,
          null,
          null,
          1,
          6,
          null,
          5,
          null,
          5,
          null,
          null,
          null,
          null,
          null,
          null,
          1,
          null,
          1,
          4,
          null,
          null,
          1,
          5,
          null,
          4,
          null,
          null
        ]
      },
      "/home/ashahid3/carestack/app/models/application_record.rb": {
        "lines": [
          1,
          1,
          null
        ]
      },
      "/home/ashahid3/carestack/app/models/appointment.rb": {
        "lines": [
          1,
          null,
          1,
          null,
          null,
          1,
          1,
          1,
          1,
          null,
          null,
          1,
          1,
          1,
          null,
          null,
          1,
          1,
          1,
          1,
          1,
          1,
          1,
          1,
          1,
          null,
          null,
          1,
          0,
          null,
          null,
          1,
          0,
          null,
          null,
          1,
          0,
          null,
          null,
          1,
          0,
          null,
          null,
          1,
          0,
          null,
          null,
          1,
          0,
          null,
          null
        ]
      },
      "/home/ashahid3/carestack/app/models/customer.rb": {
        "lines": [
          1,
          null,
          1,
          1,
          null,
          null,
          1,
          1,
          1,
          1,
          1,
          1,
          null,
          null,
          1,
          1,
          null,
          null,
          1,
          3,
          null,
          null,
          1,
          0,
          null,
          null,
          1,
          0,
          0,
          null,
          null
        ]
      },
      "/home/ashahid3/carestack/app/models/optimization_job.rb": {
        "lines": [
          1,
          1,
          1,
          null,
          1,
          1,
          null,
          2,
          2,
          null,
          1,
          3,
          null,
          1,
          null,
          null,
          1,
          13,
          null,
          null,
          1,
          4,
          null,
          null,
          1,
          4,
          null,
          null,
          1,
          0,
          null,
          null,
          1,
          0,
          null,
          null,
          1,
          3,
          null,
          1,
          null,
          null,
          1,
          3,
          null,
          1,
          null,
          null,
          1,
          3,
          null,
          1,
          null,
          null
        ]
      },
      "/home/ashahid3/carestack/app/models/route.rb": {
        "lines": [
          1,
          1,
          1,
          1,
          1,
          null,
          1,
          1,
          null,
          2,
          2,
          null,
          1,
          6,
          null,
          null,
          1,
          3,
          null,
          null,
          1,
          3,
          null,
          null,
          1,
          null,
          2,
          null,
          null
        ]
      },
      "/home/ashahid3/carestack/app/models/route_stop.rb": {
        "lines": [
          1,
          1,
          1,
          null,
          1,
          1,
          null,
          2,
          null,
          1,
          4,
          null,
          2,
          null,
          null,
          1,
          2,
          null,
          null,
          1,
          1,
          null,
          null,
          1,
          5,
          null,
          4,
          null,
          null,
          1,
          5,
          null,
          4,
          null,
          null,
          1,
          5,
          null,
          4,
          null,
          null
        ]
      },
      "/home/ashahid3/carestack/app/models/service_type.rb": {
        "lines": [
          1,
          null,
          1,
          1,
          null,
          null,
          1,
          1,
          1,
          null,
          null,
          2,
          2,
          null,
          null,
          1,
          null,
          null,
          1,
          1,
          null,
          null,
          1,
          4,
          4,
          2,
          null,
          2,
          null,
          null,
          null,
          1,
          3,
          null,
          null,
          1,
          8,
          null,
          null,
          1,
          5,
          null,
          5,
          5,
          5,
          null,
          5,
          null,
          null,
          null,
          1,
          10,
          null,
          5,
          null,
          3,
          null,
          2,
          null,
          null,
          null,
          1,
          null,
          1,
          null,
          5,
          null,
          null,
          null,
          null,
          20,
          16,
          null,
          null,
          null,
          null,
          1,
          null,
          null,
          3,
          null,
          null,
          null,
          null,
          null,
          null,
          null,
          null,
          null,
          null,
          null,
          null,
          null,
          null,
          null,
          null,
          null,
          null,
          null,
          null,
          null,
          null,
          null,
          12,
          12,
          null,
          null,
          null,
          null,
          1,
          null,
          2,
          null,
          null,
          null,
          null,
          8,
          8,
          null,
          null,
          null,
          null
        ]
      },
      "/home/ashahid3/carestack/app/models/staff.rb": {
        "lines": [
          1,
          null,
          1,
          1,
          null,
          null,
          1,
          1,
          1,
          1,
          1,
          1,
          1,
          null,
          null,
          1,
          1,
          1,
          1,
          null,
          null,
          1,
          3,
          null,
          null,
          1,
          0,
          null,
          null,
          1,
          0,
          0,
          null,
          null,
          1,
          0,
          0,
          null,
          null,
          1,
          0,
          0,
          null,
          null
        ]
      },
      "/home/ashahid3/carestack/app/models/travel_segment.rb": {
        "lines": [
          null,
          null,
          1,
          null,
          1,
          1,
          null,
          null,
          1,
          1,
          1,
          null,
          null,
          1,
          3,
          null,
          null,
          1,
          3,
          null,
          null,
          1,
          4,
          null,
          3,
          null,
          null
        ]
      },
      "/home/ashahid3/carestack/app/models/user.rb": {
        "lines": [
          1,
          null,
          1,
          null,
          null,
          null,
          1,
          null,
          null,
          1,
          null,
          null,
          1,
          1,
          1,
          null,
          null,
          2,
          2,
          2,
          2,
          null,
          null,
          1,
          1,
          null,
          null,
          1,
          42,
          null,
          null,
          1,
          6,
          null,
          null,
          1,
          2,
          null,
          null,
          1,
          6,
          null,
          null
        ]
      },
      "/home/ashahid3/carestack/app/models/vertical.rb": {
        "lines": [
          null,
          null,
          1,
          null,
          1,
          1,
          null,
          null,
          1,
          1,
          1,
          null,
          null,
          2,
          null,
          null,
          1,
          7,
          null,
          null,
          1,
          44,
          null,
          null,
          1,
          7,
          null,
          null,
          1,
          2,
          null,
          null,
          null,
          1,
          17,
          null,
          null,
          1,
          11,
          null,
          null,
          null,
          1,
          8,
          null,
          null
        ]
      },
      "/home/ashahid3/carestack/app/services/genetic_vrp_solver.rb": {
        "lines": [
          null,
          null,
          1,
          1,
          null,
          null,
          1,
          37,
          37,
          37,
          37,
          37,
          37,
          37,
          37,
          37,
          null,
          null,
          1,
          14,
          null,
          null,
          12,
          null,
          12,
          12,
          12,
          12,
          null,
          12,
          null,
          7241,
          null,
          null,
          7241,
          581,
          null,
          581,
          12,
          12,
          12,
          null,
          569,
          null,
          null,
          null,
          581,
          null,
          null,
          580,
          null,
          null,
          580,
          12,
          null,
          null,
          null,
          12,
          null,
          null,
          1,
          null,
          1,
          15,
          null,
          null,
          15,
          145,
          145,
          null,
          null,
          null,
          15,
          29,
          29,
          29,
          null,
          null,
          15,
          null,
          null,
          1,
          null,
          149,
          null,
          278,
          null,
          null,
          null,
          null,
          null,
          null,
          null,
          149,
          1341,
          457,
          null,
          457,
          457,
          null,
          null,
          null,
          427,
          149,
          null,
          null,
          1,
          null,
          29,
          null,
          54,
          null,
          null,
          null,
          null,
          null,
          null,
          29,
          null,
          29,
          89,
          89,
          null,
          89,
          172,
          null,
          172,
          1376,
          381,
          null,
          null,
          195,
          277,
          277,
          122,
          122,
          null,
          null,
          null,
          null,
          null,
          89,
          89,
          89,
          null,
          0,
          null,
          null,
          null,
          29,
          null,
          null,
          1,
          580,
          null,
          null,
          8560,
          1910,
          null,
          null,
          580,
          null,
          2660,
          2660,
          null,
          null,
          2660,
          2135,
          null,
          525,
          null,
          null,
          null,
          2660,
          2660,
          null,
          2660,
          2660,
          null,
          null,
          580,
          null,
          null,
          1,
          5321,
          21284,
          5321,
          null,
          null,
          1,
          2136,
          2136,
          null,
          null,
          2136,
          3906,
          3906,
          null,
          3906,
          null,
          3906,
          3906,
          3906,
          null,
          3906,
          3906,
          null,
          null,
          3906,
          3906,
          null,
          null,
          null,
          2136,
          null,
          null,
          1,
          779,
          null,
          779,
          null,
          535,
          190,
          null,
          157,
          157,
          null,
          157,
          157,
          null,
          null,
          534,
          188,
          188,
          76,
          null,
          76,
          274,
          null,
          76,
          0,
          null,
          76,
          null,
          null,
          null,
          554,
          195,
          null,
          57,
          57,
          57,
          null,
          null,
          584,
          206,
          null,
          0,
          null,
          null,
          null,
          1,
          1,
          null,
          0,
          0,
          null,
          0,
          0,
          null,
          0,
          0,
          null,
          0,
          0,
          null,
          0,
          0,
          0,
          0,
          0,
          0,
          null,
          null,
          0,
          null,
          null,
          null,
          null,
          1,
          6672,
          null,
          6672,
          12234,
          null,
          12234,
          null,
          10234,
          null,
          1000,
          null,
          1000,
          null,
          0,
          null,
          null,
          null,
          12234,
          12234,
          null,
          null,
          6672,
          null,
          null,
          1,
          24490,
          null,
          24490,
          24490,
          null,
          24490,
          149525,
          43881,
          null,
          43881,
          null,
          null,
          43881,
          43881,
          null,
          null,
          43881,
          null,
          43881,
          null,
          null,
          null,
          24490,
          24490,
          null,
          null,
          1,
          1022,
          null,
          1022,
          1022,
          null,
          1022,
          4607,
          1535,
          null,
          1535,
          null,
          null,
          1535,
          1535,
          null,
          1535,
          null,
          null,
          null,
          1022,
          1022,
          null,
          null,
          1,
          68864,
          68864,
          68864,
          null,
          68092,
          null,
          null,
          1,
          2559,
          2559,
          2559,
          null,
          2551,
          null,
          null,
          1,
          12234,
          null,
          null,
          12234,
          2,
          null,
          null,
          null,
          12234,
          12234,
          12234,
          2,
          null,
          null,
          12234,
          null,
          null,
          1,
          3000,
          1000,
          null,
          1000,
          3000,
          null,
          1000,
          null,
          null,
          1,
          0,
          null,
          0,
          null,
          0,
          0,
          0,
          0,
          null,
          0,
          0,
          null,
          0,
          null,
          null,
          0,
          null,
          null,
          1,
          14,
          null,
          13,
          null,
          13,
          23,
          null,
          53,
          22,
          107,
          null,
          null,
          22,
          22,
          null,
          22,
          null,
          null,
          null,
          null,
          null,
          null,
          null,
          null,
          13,
          null,
          null,
          1,
          23,
          23,
          null,
          23,
          37,
          null,
          37,
          null,
          null,
          null,
          null,
          null,
          null,
          37,
          null,
          null,
          37,
          14,
          14,
          null,
          null,
          null,
          14,
          null,
          null,
          null,
          23,
          null,
          null,
          null,
          1,
          null,
          334,
          null,
          null,
          null,
          null,
          null,
          1,
          null,
          45768,
          null,
          null,
          null,
          null,
          null,
          1,
          null,
          1343,
          null,
          null,
          1,
          12409,
          null,
          null,
          1,
          null,
          277,
          null,
          630,
          159,
          null,
          159,
          null,
          77,
          167,
          77,
          null,
          null,
          77,
          null,
          77,
          null,
          77,
          82,
          null,
          158,
          77,
          77,
          null,
          null,
          77,
          null,
          77,
          null,
          77,
          null,
          null,
          19,
          10,
          null,
          5,
          5,
          null,
          null,
          5,
          null,
          5,
          null,
          5,
          null,
          null,
          null,
          1,
          4272,
          null,
          7812,
          null,
          null,
          null,
          null,
          null,
          null,
          null
        ]
      },
      "/home/ashahid3/carestack/app/services/google_maps_service.rb": {
        "lines": [
          null,
          null,
          1,
          1,
          1,
          1,
          1,
          null,
          1,
          1,
          1,
          null,
          1,
          27,
          null,
          null,
          27,
          null,
          null,
          1,
          12,
          null,
          10,
          8,
          8,
          8,
          null,
          null,
          7,
          2,
          2,
          null,
          2,
          null,
          2,
          null,
          null,
          null,
          null,
          null,
          null,
          null,
          null,
          1,
          1,
          null,
          1,
          1,
          1,
          1,
          null,
          null,
          1,
          1,
          1,
          null,
          null,
          1,
          null,
          null,
          null,
          null,
          null,
          null,
          null,
          1,
          6,
          null,
          null,
          5,
          5,
          null,
          5,
          5,
          5,
          5,
          null,
          null,
          null,
          5,
          null,
          null,
          1,
          4,
          4,
          4,
          4,
          4,
          4,
          null,
          4,
          2,
          1,
          1,
          null,
          null,
          null,
          4,
          4,
          4,
          null,
          3,
          null,
          null,
          null,
          1,
          null,
          2,
          2,
          null,
          2,
          1,
          null,
          1,
          null,
          null,
          null,
          1,
          null,
          1,
          22,
          20,
          null,
          null,
          null,
          null,
          null,
          null,
          20,
          20,
          20,
          20,
          null,
          null,
          null,
          1,
          21,
          1,
          1,
          null,
          null,
          20,
          20,
          null,
          20,
          null,
          14,
          null,
          null,
          null,
          1,
          1,
          null,
          1,
          1,
          null,
          1,
          1,
          null,
          0,
          0,
          null,
          null,
          null,
          1,
          19,
          19,
          null,
          5,
          null,
          5,
          5,
          5,
          5,
          5,
          5,
          5,
          5,
          5,
          null,
          null,
          5,
          5,
          null,
          null,
          null,
          null,
          1,
          5,
          null,
          5,
          14,
          null,
          14,
          40,
          null,
          null,
          40,
          null,
          26,
          null,
          26,
          24,
          null,
          null,
          null,
          null,
          null,
          null,
          null,
          null,
          2,
          null,
          null,
          null,
          null,
          null,
          null,
          null,
          null,
          null,
          null,
          null,
          5,
          null,
          null,
          1,
          3,
          null,
          3,
          null,
          null,
          null,
          null,
          null,
          null,
          null,
          null,
          null,
          null,
          null,
          6,
          3,
          3,
          null,
          null,
          null,
          null,
          null,
          null,
          1,
          3,
          null,
          3,
          null,
          3,
          null,
          null,
          null,
          null,
          null,
          null,
          null,
          1,
          1,
          null,
          1,
          1,
          6,
          6,
          null,
          6,
          6,
          6,
          6,
          6,
          6,
          null,
          null,
          1,
          null,
          null,
          1,
          null,
          4,
          null,
          null,
          null,
          null,
          null,
          4,
          2,
          2,
          null,
          null,
          4,
          24,
          null,
          null,
          4,
          2,
          2,
          null,
          2,
          1,
          null,
          1,
          null,
          null,
          null,
          null,
          1,
          17,
          17,
          null,
          0,
          null,
          null,
          null
        ]
      },
      "/home/ashahid3/carestack/app/services/jwt_service.rb": {
        "lines": [
          null,
          null,
          1,
          1,
          1,
          1,
          null,
          1,
          null,
          1,
          22,
          22,
          22,
          null,
          22,
          null,
          null,
          null,
          1,
          16,
          11,
          null,
          2,
          null,
          3,
          null,
          null,
          null,
          1,
          null,
          14,
          null,
          null,
          null,
          null,
          null,
          14,
          null,
          null,
          null,
          1,
          8,
          null,
          6,
          4,
          null,
          2,
          null,
          null,
          null,
          null,
          1,
          null
        ]
      },
      "/home/ashahid3/carestack/app/services/mock_google_maps_service.rb": {
        "lines": [
          null,
          null,
          null,
          1,
          1,
          null,
          8,
          null,
          3,
          null,
          1,
          null,
          1,
          null,
          1,
          null,
          1,
          null,
          null,
          null,
          1,
          null,
          null,
          null,
          null,
          null,
          null,
          1,
          39,
          null,
          39,
          115,
          387,
          null,
          null,
          272,
          null,
          null,
          null,
          null,
          null,
          272,
          null,
          272,
          272,
          null,
          null,
          272,
          null,
          null,
          null,
          null,
          null,
          null,
          39,
          null,
          null,
          1,
          null,
          1,
          null,
          272,
          null,
          null,
          272,
          272,
          272,
          272,
          null,
          null,
          272,
          null,
          null,
          null,
          272,
          null,
          272,
          null,
          null
        ]
      },
      "/home/ashahid3/carestack/app/services/simple_route_optimizer_service.rb": {
        "lines": [
          null,
          null,
          1,
          1,
          36,
          36,
          36,
          36,
          36,
          36,
          36,
          36,
          null,
          null,
          1,
          33,
          30,
          null,
          null,
          null,
          30,
          null,
          null,
          null,
          null,
          null,
          null,
          null,
          null,
          null,
          null,
          null,
          null,
          30,
          6,
          null,
          null,
          null,
          null,
          null,
          null,
          null,
          null,
          null,
          null,
          30,
          null,
          null,
          30,
          null,
          null,
          29,
          null,
          null,
          29,
          null,
          null,
          29,
          null,
          null,
          29,
          null,
          null,
          null,
          null,
          null,
          null,
          null,
          null,
          null,
          null,
          null,
          29,
          null,
          null,
          null,
          null,
          29,
          null,
          1,
          1,
          1,
          1,
          null,
          null,
          null,
          1,
          null,
          1,
          36,
          null,
          null,
          null,
          null,
          36,
          36,
          null,
          null,
          1,
          36,
          36,
          36,
          null,
          null,
          1,
          30,
          null,
          null,
          30,
          53,
          null,
          null,
          null,
          null,
          null,
          null,
          null,
          null,
          null,
          null,
          null,
          30,
          37,
          null,
          null,
          null,
          null,
          null,
          null,
          null,
          null,
          null,
          null,
          30,
          null,
          null,
          1,
          29,
          null,
          29,
          109,
          36,
          null,
          36,
          36,
          null,
          null,
          29,
          null,
          null,
          1,
          36,
          null,
          null,
          36,
          36,
          36,
          36,
          36,
          36,
          null,
          null,
          36,
          52,
          52,
          null,
          52,
          70,
          70,
          null,
          70,
          56,
          56,
          null,
          null,
          null,
          52,
          null,
          52,
          52,
          null,
          52,
          52,
          52,
          52,
          null,
          null,
          null,
          52,
          52,
          null,
          52,
          null,
          null,
          null,
          null,
          null,
          null,
          null,
          52,
          52,
          52,
          null,
          0,
          null,
          null,
          null,
          null,
          36,
          36,
          36,
          36,
          36,
          null,
          null,
          null,
          36,
          null,
          null,
          null,
          null,
          null,
          null,
          null,
          null,
          1,
          29,
          null,
          29,
          36,
          null,
          null,
          null,
          null,
          null,
          null,
          null,
          null,
          36,
          52,
          null,
          null,
          null,
          null,
          null,
          null,
          null,
          null,
          52,
          null,
          null,
          null,
          null,
          36,
          null,
          null,
          29,
          null,
          null,
          1,
          null,
          29,
          29,
          null,
          29,
          29,
          29,
          29,
          null,
          null,
          29,
          null,
          null,
          null,
          null,
          null,
          1,
          null,
          29,
          81,
          29,
          null,
          null,
          1,
          null,
          29,
          null,
          null,
          null,
          null,
          null,
          null,
          1,
          null,
          4,
          null,
          null,
          null,
          null,
          null,
          1,
          null,
          36,
          0,
          null,
          36,
          36,
          null,
          null,
          null,
          1,
          36,
          null,
          null,
          null
        ]
      },
      "/home/ashahid3/carestack/app/graphql/carestack_schema.rb": {
        "lines": [
          null,
          null,
          1,
          1,
          1,
          null,
          null,
          1,
          null,
          null,
          1,
          null,
          null,
          null,
          null,
          0,
          null,
          null,
          null,
          1,
          null,
          null,
          0,
          null,
          null,
          null,
          1,
          null,
          null,
          1,
          null,
          null,
          null,
          null,
          1,
          null,
          0,
          null,
          null,
          null,
          1,
          null,
          0,
          null,
          null
        ]
      },
      "/home/ashahid3/carestack/app/graphql/types/mutation_type.rb": {
        "lines": [
          null,
          null,
          1,
          1,
          null,
          1,
          1,
          null,
          null,
          1,
          1,
          null,
          null
        ]
      },
      "/home/ashahid3/carestack/app/graphql/types/query_type.rb": {
        "lines": [
          null,
          null,
          1,
          1,
          1,
          1,
          1,
          null,
          null,
          null,
          1,
          1,
          null,
          null,
          1,
          0,
          null,
          null,
          1,
          1,
          null,
          null,
          1,
          0,
          null,
          null,
          null,
          1,
          1,
          1,
          1,
          null,
          null,
          1,
          1,
          1,
          null,
          null,
          1,
          1,
          1,
          null,
          null,
          1,
          null,
          1,
          null,
          null,
          1,
          null,
          1,
          1,
          1,
          null,
          null,
          1,
          null,
          null,
          1,
          0,
          null,
          null,
          1,
          0,
          0,
          0,
          0,
          null,
          0,
          null,
          null,
          null,
          1,
          0,
          null,
          null,
          0,
          0,
          0,
          0,
          null,
          0,
          null,
          null,
          null,
          1,
          0,
          null,
          null,
          1,
          0,
          null,
          null,
          1,
          0,
          null,
          null,
          1,
          0,
          0,
          0,
          null,
          null,
          0,
          0,
          null,
          null,
          0,
          null,
          null,
          1,
          0,
          null,
          0,
          0,
          0,
          null,
          null,
          1,
          0,
          null,
          null,
          null
        ]
      },
      "/home/ashahid3/carestack/app/graphql/types/node_type.rb": {
        "lines": [
          null,
          null,
          1,
          1,
          1,
          null,
          1,
          null,
          null
        ]
      },
      "/home/ashahid3/carestack/app/graphql/types/base_interface.rb": {
        "lines": [
          null,
          null,
          1,
          1,
          1,
          1,
          1,
          null,
          1,
          null,
          null
        ]
      },
      "/home/ashahid3/carestack/app/controllers/graphql_controller.rb": {
        "lines": [
          null,
          null,
          1,
          1,
          17,
          17,
          17,
          null,
          17,
          null,
          null,
          17,
          17,
          null,
          0,
          0,
          null,
          null,
          1,
          null,
          null,
          1,
          17,
          null,
          0,
          0,
          null,
          0,
          null,
          null,
          0,
          null,
          17,
          null,
          0,
          null,
          0,
          null,
          null,
          null,
          1,
          0,
          0,
          null,
          0,
          null,
          null,
          null,
          1,
          17,
          null,
          17,
          17,
          null,
          17,
          0,
          null,
          null,
          17,
          null,
          null,
          null,
          1,
          17,
          17,
          null,
          null,
          0,
          0,
          null,
          0,
          null,
          null,
          null
        ]
      },
      "/home/ashahid3/carestack/app/controllers/application_controller.rb": {
        "lines": [
          1,
          null
        ]
      },
      "/home/ashahid3/carestack/app/graphql/resolvers/base_resolver.rb": {
        "lines": [
          null,
          null,
          0,
          0,
          0,
          0
        ],
        "branches": {}
      },
      "/home/ashahid3/carestack/app/graphql/types/base_enum.rb": {
        "lines": [
          null,
          null,
          0,
          0,
          0,
          0
        ],
        "branches": {}
      },
      "/home/ashahid3/carestack/app/graphql/types/base_input_object.rb": {
        "lines": [
          null,
          null,
          0,
          0,
          0,
          0,
          0
        ],
        "branches": {}
      },
      "/home/ashahid3/carestack/app/graphql/types/base_scalar.rb": {
        "lines": [
          null,
          null,
          0,
          0,
          0,
          0
        ],
        "branches": {}
      },
      "/home/ashahid3/carestack/app/graphql/types/base_union.rb": {
        "lines": [
          null,
          null,
          0,
          0,
          0,
          0,
          0,
          0
        ],
        "branches": {}
      },
      "/home/ashahid3/carestack/app/mailers/application_mailer.rb": {
        "lines": [
          0,
          0,
          0,
          0
        ],
        "branches": {}
      }
    },
    "timestamp": 1768858751
  }
}
